[00:57:36] [ServerMain/INFO]: [bootstrap] Running Java 21 (OpenJDK 64-Bit Server VM 21.0.7+6-Ubuntu-0ubuntu124.04; Ubuntu null) on Linux 6.8.0-1027-azure (amd64)
[00:57:36] [ServerMain/INFO]: [bootstrap] Loading Paper 1.21.4-231-ver/1.21.4@09e9afd (2025-05-19T17:59:36Z) for Minecraft 1.21.4
[00:57:36] [ServerMain/INFO]: [PluginInitializerManager] Initializing plugins...
[00:57:36] [ServerMain/INFO]: [PluginInitializerManager] Initialized 0 plugins
[00:57:36] [Paper Plugin Remapper Thread - 1/INFO]: [ReobfServer] Remapping server...
[00:57:43] [ServerMain/INFO]: Environment: Environment[sessionHost=https://sessionserver.mojang.com, servicesHost=https://api.minecraftservices.com, name=PROD]
[00:57:44] [ServerMain/INFO]: Found new data pack file/bukkit, loading it automatically
[00:57:44] [ServerMain/INFO]: Found new data pack paper, loading it automatically
[00:57:45] [ServerMain/INFO]: No existing world data, creating new world
[00:57:45] [Paper Plugin Remapper Thread - 1/INFO]: [ReobfServer] Done remapping server in 8910ms.
[00:57:46] [ServerMain/INFO]: Loaded 1370 recipes
[00:57:46] [ServerMain/INFO]: Loaded 1481 advancements
[00:57:46] [ServerMain/INFO]: [MCTypeRegistry] Initialising converters for DataConverter...
[00:57:46] [ServerMain/INFO]: [MCTypeRegistry] Finished initialising converters for DataConverter in 371.9ms
[00:57:46] [Server thread/INFO]: Starting minecraft server version 1.21.4
[00:57:46] [Server thread/INFO]: Loading properties
[00:57:46] [Server thread/INFO]: This server is running Paper version 1.21.4-231-ver/1.21.4@09e9afd (2025-05-19T17:59:36Z) (Implementing API version 1.21.4-R0.1-SNAPSHOT)
[00:57:46] [Server thread/INFO]: [spark] This server bundles the spark profiler. For more information please visit https://docs.papermc.io/paper/profiling
[00:57:47] [Server thread/INFO]: Server Ping Player Sample Count: 12
[00:57:47] [Server thread/INFO]: Using 4 threads for Netty based IO
[00:57:47] [Server thread/INFO]: [MoonriseCommon] Paper is using 1 worker threads, 1 I/O threads
[00:57:47] [Server thread/INFO]: [ChunkTaskScheduler] Chunk system is using population gen parallelism: true
[00:57:48] [Server thread/INFO]: Default game type: SURVIVAL
[00:57:48] [Server thread/INFO]: Generating keypair
[00:57:48] [Server thread/INFO]: Starting Minecraft server on *:25565
[00:57:48] [Server thread/INFO]: Using epoll channel type
[00:57:48] [Server thread/INFO]: Paper: Using libdeflate (Linux x86_64) compression from Velocity.
[00:57:48] [Server thread/INFO]: Paper: Using OpenSSL 3.x.x (Linux x86_64) cipher from Velocity.
[00:57:48] [Server thread/WARN]: **** SERVER IS RUNNING IN OFFLINE/INSECURE MODE!
[00:57:48] [Server thread/WARN]: The server will make no attempt to authenticate usernames. Beware.
[00:57:48] [Server thread/WARN]: While this makes the game possible to play without internet access, it also opens up the ability for hackers to connect with any username they choose.
[00:57:48] [Server thread/WARN]: To change this, set "online-mode" to "true" in the server.properties file.
[00:57:48] [Server thread/INFO]: Preparing level "world"
[00:57:58] [Server thread/INFO]: Preparing start region for dimension minecraft:overworld
[00:57:58] [Server thread/INFO]: Preparing spawn area: 2%
[00:57:59] [Server thread/INFO]: Preparing spawn area: 2%
[00:57:59] [Server thread/INFO]: Preparing spawn area: 2%
[00:58:00] [Server thread/INFO]: Preparing spawn area: 4%
[00:58:00] [Server thread/INFO]: Preparing spawn area: 18%
[00:58:01] [Server thread/INFO]: Preparing spawn area: 18%
[00:58:01] [Server thread/INFO]: Preparing spawn area: 40%
[00:58:02] [Server thread/INFO]: Preparing spawn area: 51%
[00:58:02] [Server thread/INFO]: Preparing spawn area: 51%
[00:58:03] [Server thread/INFO]: Preparing spawn area: 73%
[00:58:03] [Server thread/INFO]: Time elapsed: 4972 ms
[00:58:03] [Server thread/INFO]: Preparing start region for dimension minecraft:the_nether
[00:58:03] [Server thread/INFO]: Preparing spawn area: 2%
[00:58:04] [Server thread/INFO]: Preparing spawn area: 2%
[00:58:04] [Server thread/INFO]: Preparing spawn area: 24%
[00:58:05] [Server thread/INFO]: Preparing spawn area: 59%
[00:58:05] [Server thread/INFO]: Time elapsed: 1939 ms
[00:58:05] [Server thread/INFO]: Preparing start region for dimension minecraft:the_end
[00:58:05] [Server thread/INFO]: Preparing spawn area: 2%
[00:58:06] [Server thread/INFO]: Time elapsed: 475 ms
[00:58:06] [Server thread/INFO]: [spark] Starting background profiler...
[00:58:06] [Server thread/INFO]: Done preparing level "world" (18.457s)
[00:58:06] [Server thread/INFO]: Running delayed init tasks
[00:58:06] [Server thread/INFO]: Done (31.038s)! For help, type "help"
[00:58:06] [Server thread/INFO]: *************************************************************************************
[00:58:06] [Server thread/INFO]: This is the first time you're starting this server.
[00:58:06] [Server thread/INFO]: It's recommended you read our 'Getting Started' documentation for guidance.
[00:58:06] [Server thread/INFO]: View this and more helpful information here: https://docs.papermc.io/paper/next-steps
[00:58:06] [Server thread/INFO]: *************************************************************************************
[00:58:47] [Server thread/INFO]: Unknown or incomplete command, see below for error
1<--[HERE]
[00:58:52] [Server thread/INFO]: Unknown or incomplete command, see below for error
start<--[HERE]
